<?xml version="1.0" encoding="UTF-8"?>
<testsuite hostname="SCS-DT-086" name="com.qtpselenium.suiteC.TestCase_C1" tests="4" failures="0" timestamp="27 Nov 2012 08:46:19 GMT" time="0.006" errors="0">
  <testcase name="testCase_C1" time="0.0" classname="com.qtpselenium.suiteC.TestCase_C1"/>
  <testcase name="testCase_C1" time="0.0" classname="com.qtpselenium.suiteC.TestCase_C1">
    <skipped/>
  </testcase>
  <testcase name="testCase_C1" time="0.001" classname="com.qtpselenium.suiteC.TestCase_C1"/>
  <testcase name="testCase_C1" time="0.0" classname="com.qtpselenium.suiteC.TestCase_C1"/>
</testsuite>
