<?xml version="1.0" encoding="UTF-8"?>
<!-- Generated by org.testng.reporters.JUnitXMLReporter -->
<testsuite hostname="SCS-DT-086" name="Family" tests="1" failures="1" timestamp="14 Feb 2013 12:44:09 GMT" time="55.441" errors="0">
  <testcase name="familyMember" time="54.845" classname="com.MyOVS.PersonalAdministration.Family_Member">
    <failure type="org.openqa.selenium.WebDriverException" message="Failed to connect to binary FirefoxBinary(C:\Program Files (x86)\Mozilla Firefox\firefox.exe) on port 7055; process output follows: 
*** LOG addons.manager: Application has been upgraded
*** LOG addons.xpi: startup
*** LOG addons.xpi: Skipping unavailable install location app-system-local
*** LOG addons.xpi: Skipping unavailable install location app-system-share
*** LOG addons.xpi: Ignoring file entry whose name is not a valid add-on ID: C:\Users\SUREND~1.CHE\AppData\Local\Temp\anonymous8561946150296603809webdriver-profile\extensions\webdriver-staging
*** LOG addons.xpi: checkForChanges
*** LOG addons.xpi-utils: Opening database
*** LOG addons.xpi-utils: Creating database schema
*** LOG addons.xpi: New add-on fxdriver@googlecode.com installed in app-profile
*** LOG addons.xpi: New add-on {82AF8DCA-6DE9-405D-BD5E-43525BDAD38A} installed in app-global
*** LOG addons.xpi: New add-on {972ce4c6-7e08-4474-a285-3208198ce6fd} installed in app-global
*** LOG addons.xpi: New add-on {BBDA0591-3099-440a-AA10-41764D9DB4DB} installed in winreg-app-global
*** LOG addons.xpi: New add-on wcapturex@deskperience.com installed in winreg-app-global
*** LOG addons.xpi: New add-on {4ED1F68A-5463-4931-9384-8FFF5ED91D92} installed in winreg-app-global
*** LOG addons.xpi: Updating database with changes to installed add-ons
*** LOG addons.xpi-utils: Updating add-on states
*** LOG addons.xpi-utils: Writing add-ons list
*** LOG addons.manager: shutdown
*** LOG addons.xpi: shutdown
*** LOG addons.xpi-utils: shutdown
*** LOG addons.xpi-utils: Database closed
*** LOG addons.xpi: startup
*** LOG addons.xpi: Skipping unavailable install location app-system-local
*** LOG addons.xpi: Skipping unavailable install location app-system-share
*** LOG addons.xpi: Ignoring file entry whose name is not a valid add-on ID: C:\Users\SUREND~1.CHE\AppData\Local\Temp\anonymous8561946150296603809webdriver-profile\extensions\webdriver-staging
*** LOG addons.xpi: checkForChanges
*** LOG addons.xpi: No changes found

Build info: version: &amp;apos;2.25.0&amp;apos;, revision: &amp;apos;17482&amp;apos;, time: &amp;apos;2012-07-18 21:09:54&amp;apos;
System info: os.name: &amp;apos;Windows 7&amp;apos;, os.arch: &amp;apos;amd64&amp;apos;, os.version: &amp;apos;6.1&amp;apos;, java.version: &amp;apos;1.7.0_02&amp;apos;
Driver info: driver.version: FirefoxDriver">
      <![CDATA[org.openqa.selenium.WebDriverException: Failed to connect to binary FirefoxBinary(C:\Program Files (x86)\Mozilla Firefox\firefox.exe) on port 7055; process output follows: 
*** LOG addons.manager: Application has been upgraded
*** LOG addons.xpi: startup
*** LOG addons.xpi: Skipping unavailable install location app-system-local
*** LOG addons.xpi: Skipping unavailable install location app-system-share
*** LOG addons.xpi: Ignoring file entry whose name is not a valid add-on ID: C:\Users\SUREND~1.CHE\AppData\Local\Temp\anonymous8561946150296603809webdriver-profile\extensions\webdriver-staging
*** LOG addons.xpi: checkForChanges
*** LOG addons.xpi-utils: Opening database
*** LOG addons.xpi-utils: Creating database schema
*** LOG addons.xpi: New add-on fxdriver@googlecode.com installed in app-profile
*** LOG addons.xpi: New add-on {82AF8DCA-6DE9-405D-BD5E-43525BDAD38A} installed in app-global
*** LOG addons.xpi: New add-on {972ce4c6-7e08-4474-a285-3208198ce6fd} installed in app-global
*** LOG addons.xpi: New add-on {BBDA0591-3099-440a-AA10-41764D9DB4DB} installed in winreg-app-global
*** LOG addons.xpi: New add-on wcapturex@deskperience.com installed in winreg-app-global
*** LOG addons.xpi: New add-on {4ED1F68A-5463-4931-9384-8FFF5ED91D92} installed in winreg-app-global
*** LOG addons.xpi: Updating database with changes to installed add-ons
*** LOG addons.xpi-utils: Updating add-on states
*** LOG addons.xpi-utils: Writing add-ons list
*** LOG addons.manager: shutdown
*** LOG addons.xpi: shutdown
*** LOG addons.xpi-utils: shutdown
*** LOG addons.xpi-utils: Database closed
*** LOG addons.xpi: startup
*** LOG addons.xpi: Skipping unavailable install location app-system-local
*** LOG addons.xpi: Skipping unavailable install location app-system-share
*** LOG addons.xpi: Ignoring file entry whose name is not a valid add-on ID: C:\Users\SUREND~1.CHE\AppData\Local\Temp\anonymous8561946150296603809webdriver-profile\extensions\webdriver-staging
*** LOG addons.xpi: checkForChanges
*** LOG addons.xpi: No changes found

Build info: version: '2.25.0', revision: '17482', time: '2012-07-18 21:09:54'
System info: os.name: 'Windows 7', os.arch: 'amd64', os.version: '6.1', java.version: '1.7.0_02'
Driver info: driver.version: FirefoxDriver
	at org.openqa.selenium.firefox.internal.NewProfileExtensionConnection.start(NewProfileExtensionConnection.java:121)
	at org.openqa.selenium.firefox.FirefoxDriver.startClient(FirefoxDriver.java:245)
	at org.openqa.selenium.remote.RemoteWebDriver.<init>(RemoteWebDriver.java:109)
	at org.openqa.selenium.firefox.FirefoxDriver.<init>(FirefoxDriver.java:185)
	at org.openqa.selenium.firefox.FirefoxDriver.<init>(FirefoxDriver.java:178)
	at org.openqa.selenium.firefox.FirefoxDriver.<init>(FirefoxDriver.java:174)
	at org.openqa.selenium.firefox.FirefoxDriver.<init>(FirefoxDriver.java:92)
	at com.MyOVS.PersonalAdministration.TestSuiteBase.openBrowser(TestSuiteBase.java:69)
	at com.MyOVS.PersonalAdministration.Family_Member.familyMember(Family_Member.java:50)
Caused by: org.openqa.selenium.firefox.NotConnectedException: Unable to connect to host 127.0.0.1 on port 7055 after 45000 ms. Firefox console output:
*** LOG addons.manager: Application has been upgraded
*** LOG addons.xpi: startup
*** LOG addons.xpi: Skipping unavailable install location app-system-local
*** LOG addons.xpi: Skipping unavailable install location app-system-share
*** LOG addons.xpi: Ignoring file entry whose name is not a valid add-on ID: C:\Users\SUREND~1.CHE\AppData\Local\Temp\anonymous8561946150296603809webdriver-profile\extensions\webdriver-staging
*** LOG addons.xpi: checkForChanges
*** LOG addons.xpi-utils: Opening database
*** LOG addons.xpi-utils: Creating database schema
*** LOG addons.xpi: New add-on fxdriver@googlecode.com installed in app-profile
*** LOG addons.xpi: New add-on {82AF8DCA-6DE9-405D-BD5E-43525BDAD38A} installed in app-global
*** LOG addons.xpi: New add-on {972ce4c6-7e08-4474-a285-3208198ce6fd} installed in app-global
*** LOG addons.xpi: New add-on {BBDA0591-3099-440a-AA10-41764D9DB4DB} installed in winreg-app-global
*** LOG addons.xpi: New add-on wcapturex@deskperience.com installed in winreg-app-global
*** LOG addons.xpi: New add-on {4ED1F68A-5463-4931-9384-8FFF5ED91D92} installed in winreg-app-global
*** LOG addons.xpi: Updating database with changes to installed add-ons
*** LOG addons.xpi-utils: Updating add-on states
*** LOG addons.xpi-utils: Writing add-ons list
*** LOG addons.manager: shutdown
*** LOG addons.xpi: shutdown
*** LOG addons.xpi-utils: shutdown
*** LOG addons.xpi-utils: Database closed
*** LOG addons.xpi: startup
*** LOG addons.xpi: Skipping unavailable install location app-system-local
*** LOG addons.xpi: Skipping unavailable install location app-system-share
*** LOG addons.xpi: Ignoring file entry whose name is not a valid add-on ID: C:\Users\SUREND~1.CHE\AppData\Local\Temp\anonymous8561946150296603809webdriver-profile\extensions\webdriver-staging
*** LOG addons.xpi: checkForChanges
*** LOG addons.xpi: No changes found

	at org.openqa.selenium.firefox.internal.NewProfileExtensionConnection.start(NewProfileExtensionConnection.java:109)
	... 33 more
... Removed 25 stack frames]]>
    </failure>
  </testcase> <!-- familyMember -->
</testsuite> <!-- Family -->
