<?xml version="1.0" encoding="UTF-8"?>
<!-- Generated by org.testng.reporters.JUnitXMLReporter -->
<testsuite hostname="SCS-DT-086" name="Login" tests="4" failures="0" timestamp="14 Feb 2013 12:43:14 GMT" time="0.142" errors="0">
  <testcase name="@BeforeTest checkTestSkip" time="0.0" classname="com.MyOVS.PersonalAdministration.Login">
    <skipped/>
  </testcase> <!-- @BeforeTest checkTestSkip -->
  <testcase name="@AfterMethod reporter" time="0.0" classname="com.MyOVS.PersonalAdministration.Login">
    <skipped/>
  </testcase> <!-- @AfterMethod reporter -->
  <testcase name="@AfterMethod reporter" time="0.0" classname="com.MyOVS.PersonalAdministration.Login">
    <skipped/>
  </testcase> <!-- @AfterMethod reporter -->
  <testcase name="@AfterMethod reporter" time="0.0" classname="com.MyOVS.PersonalAdministration.Login">
    <skipped/>
  </testcase> <!-- @AfterMethod reporter -->
  <testcase name="@AfterMethod reporter" time="0.0" classname="com.MyOVS.PersonalAdministration.Login">
    <skipped/>
  </testcase> <!-- @AfterMethod reporter -->
  <testcase name="@AfterTest reportTestResult" time="0.0" classname="com.MyOVS.PersonalAdministration.Login">
    <skipped/>
  </testcase> <!-- @AfterTest reportTestResult -->
  <testcase name="loginTest" time="0.001" classname="com.MyOVS.PersonalAdministration.Login">
    <skipped/>
  </testcase> <!-- loginTest -->
  <testcase name="loginTest" time="0.001" classname="com.MyOVS.PersonalAdministration.Login">
    <skipped/>
  </testcase> <!-- loginTest -->
  <testcase name="loginTest" time="0.001" classname="com.MyOVS.PersonalAdministration.Login">
    <skipped/>
  </testcase> <!-- loginTest -->
  <testcase name="loginTest" time="0.001" classname="com.MyOVS.PersonalAdministration.Login">
    <skipped/>
  </testcase> <!-- loginTest -->
</testsuite> <!-- Login -->
