<?xml version="1.0" encoding="UTF-8"?>
<!-- Generated by org.testng.reporters.JUnitXMLReporter -->
<testsuite hostname="SCS-DT-086" name="Personal Details" tests="1" failures="0" timestamp="14 Feb 2013 12:43:14 GMT" time="0.014" errors="0">
  <testcase name="@BeforeTest checkTestSkip" time="0.0" classname="com.MyOVS.PersonalAdministration.Personal_Details">
    <skipped/>
  </testcase> <!-- @BeforeTest checkTestSkip -->
  <testcase name="@AfterMethod reporter" time="0.0" classname="com.MyOVS.PersonalAdministration.Personal_Details">
    <skipped/>
  </testcase> <!-- @AfterMethod reporter -->
  <testcase name="@AfterTest reportTestResult" time="0.0" classname="com.MyOVS.PersonalAdministration.Personal_Details">
    <skipped/>
  </testcase> <!-- @AfterTest reportTestResult -->
  <testcase name="modifyPersonalDetails" time="0.005" classname="com.MyOVS.PersonalAdministration.Personal_Details">
    <skipped/>
  </testcase> <!-- modifyPersonalDetails -->
</testsuite> <!-- Personal Details -->
