<?xml version="1.0" encoding="UTF-8"?>
<!-- Generated by org.testng.reporters.JUnitXMLReporter -->
<testsuite hostname="SCS-DT-086" name="Test A2" tests="1" failures="1" timestamp="4 Dec 2012 13:54:15 GMT" time="0.004" errors="0">
  <testcase name="@BeforeSuite checkSuiteSkip" time="0.0" classname="com.MyOVS.PersonalAdministration.TestCase_A2">
    <skipped/>
  </testcase> <!-- @BeforeSuite checkSuiteSkip -->
  <testcase name="@BeforeTest checkTestSkip" time="0.0" classname="com.MyOVS.PersonalAdministration.TestCase_A2">
    <skipped/>
  </testcase> <!-- @BeforeTest checkTestSkip -->
  <testcase name="testCase_A2" time="0.001" classname="com.MyOVS.PersonalAdministration.TestCase_A2">
    <failure type="org.testng.TestNGException" message="
The data provider is trying to pass 0 parameters but the method com.MyOVS.PersonalAdministration.TestCase_A2#testCase_A2 takes 3 and TestNG is unable in inject a suitable object">
      <![CDATA[org.testng.TestNGException: 
The data provider is trying to pass 0 parameters but the method com.MyOVS.PersonalAdministration.TestCase_A2#testCase_A2 takes 3 and TestNG is unable in inject a suitable object
Caused by: java.lang.ArrayIndexOutOfBoundsException: 0
	... 18 more
... Removed 20 stack frames]]>
    </failure>
  </testcase> <!-- testCase_A2 -->
</testsuite> <!-- Test A2 -->
