<?xml version="1.0" encoding="UTF-8"?>
<!-- Generated by org.testng.reporters.JUnitXMLReporter -->
<testsuite hostname="SCS-DT-086" name="Test A1" tests="1" failures="1" timestamp="4 Dec 2012 13:54:15 GMT" time="0.029" errors="0">
  <testcase name="@BeforeTest checkTestSkip" time="0.0" classname="com.MyOVS.PersonalAdministration.Personal_Details">
    <skipped/>
  </testcase> <!-- @BeforeTest checkTestSkip -->
  <testcase name="@AfterTest reportTestResult" time="0.0" classname="com.MyOVS.PersonalAdministration.Personal_Details">
    <skipped/>
  </testcase> <!-- @AfterTest reportTestResult -->
  <testcase name="testCase_A1" time="0.004" classname="com.MyOVS.PersonalAdministration.Personal_Details">
    <failure type="org.testng.TestNGException" message="
The data provider is trying to pass 0 parameters but the method com.MyOVS.PersonalAdministration.Personal_Details#testCase_A1 takes 4 and TestNG is unable in inject a suitable object">
      <![CDATA[org.testng.TestNGException: 
The data provider is trying to pass 0 parameters but the method com.MyOVS.PersonalAdministration.Personal_Details#testCase_A1 takes 4 and TestNG is unable in inject a suitable object
Caused by: java.lang.ArrayIndexOutOfBoundsException: 0
	... 18 more
... Removed 20 stack frames]]>
    </failure>
  </testcase> <!-- testCase_A1 -->
</testsuite> <!-- Test A1 -->
